<!DOCTYPE html>
<html>
  <head>
    <meta charset="utf-8"/>
    <title>Test Report</title>
    <link href="assets/style.css" rel="stylesheet" type="text/css"/></head>
  <body onLoad="init()">
    <script>/* This Source Code Form is subject to the terms of the Mozilla Public
 * License, v. 2.0. If a copy of the MPL was not distributed with this file,
 * You can obtain one at http://mozilla.org/MPL/2.0/. */


function toArray(iter) {
    if (iter === null) {
        return null;
    }
    return Array.prototype.slice.call(iter);
}

function find(selector, elem) { // eslint-disable-line no-redeclare
    if (!elem) {
        elem = document;
    }
    return elem.querySelector(selector);
}

function findAll(selector, elem) {
    if (!elem) {
        elem = document;
    }
    return toArray(elem.querySelectorAll(selector));
}

function sortColumn(elem) {
    toggleSortStates(elem);
    const colIndex = toArray(elem.parentNode.childNodes).indexOf(elem);
    let key;
    if (elem.classList.contains('result')) {
        key = keyResult;
    } else if (elem.classList.contains('links')) {
        key = keyLink;
    } else {
        key = keyAlpha;
    }
    sortTable(elem, key(colIndex));
}

function showAllExtras() { // eslint-disable-line no-unused-vars
    findAll('.col-result').forEach(showExtras);
}

function hideAllExtras() { // eslint-disable-line no-unused-vars
    findAll('.col-result').forEach(hideExtras);
}

function showExtras(colresultElem) {
    const extras = colresultElem.parentNode.nextElementSibling;
    const expandcollapse = colresultElem.firstElementChild;
    extras.classList.remove('collapsed');
    expandcollapse.classList.remove('expander');
    expandcollapse.classList.add('collapser');
}

function hideExtras(colresultElem) {
    const extras = colresultElem.parentNode.nextElementSibling;
    const expandcollapse = colresultElem.firstElementChild;
    extras.classList.add('collapsed');
    expandcollapse.classList.remove('collapser');
    expandcollapse.classList.add('expander');
}

function showFilters() {
    const filterItems = document.getElementsByClassName('filter');
    for (let i = 0; i < filterItems.length; i++)
        filterItems[i].hidden = false;
}

function addCollapse() {
    // Add links for show/hide all
    const resulttable = find('table#results-table');
    const showhideall = document.createElement('p');
    showhideall.innerHTML = '<a href="javascript:showAllExtras()">Show all details</a> / ' +
                            '<a href="javascript:hideAllExtras()">Hide all details</a>';
    resulttable.parentElement.insertBefore(showhideall, resulttable);

    // Add show/hide link to each result
    findAll('.col-result').forEach(function(elem) {
        const collapsed = getQueryParameter('collapsed') || 'Passed';
        const extras = elem.parentNode.nextElementSibling;
        const expandcollapse = document.createElement('span');
        if (extras.classList.contains('collapsed')) {
            expandcollapse.classList.add('expander');
        } else if (collapsed.includes(elem.innerHTML)) {
            extras.classList.add('collapsed');
            expandcollapse.classList.add('expander');
        } else {
            expandcollapse.classList.add('collapser');
        }
        elem.appendChild(expandcollapse);

        elem.addEventListener('click', function(event) {
            if (event.currentTarget.parentNode.nextElementSibling.classList.contains('collapsed')) {
                showExtras(event.currentTarget);
            } else {
                hideExtras(event.currentTarget);
            }
        });
    });
}

function getQueryParameter(name) {
    const match = RegExp('[?&]' + name + '=([^&]*)').exec(window.location.search);
    return match && decodeURIComponent(match[1].replace(/\+/g, ' '));
}

function init () { // eslint-disable-line no-unused-vars
    resetSortHeaders();

    addCollapse();

    showFilters();

    sortColumn(find('.initial-sort'));

    findAll('.sortable').forEach(function(elem) {
        elem.addEventListener('click',
            function() {
                sortColumn(elem);
            }, false);
    });
}

function sortTable(clicked, keyFunc) {
    const rows = findAll('.results-table-row');
    const reversed = !clicked.classList.contains('asc');
    const sortedRows = sort(rows, keyFunc, reversed);
    /* Whole table is removed here because browsers acts much slower
     * when appending existing elements.
     */
    const thead = document.getElementById('results-table-head');
    document.getElementById('results-table').remove();
    const parent = document.createElement('table');
    parent.id = 'results-table';
    parent.appendChild(thead);
    sortedRows.forEach(function(elem) {
        parent.appendChild(elem);
    });
    document.getElementsByTagName('BODY')[0].appendChild(parent);
}

function sort(items, keyFunc, reversed) {
    const sortArray = items.map(function(item, i) {
        return [keyFunc(item), i];
    });

    sortArray.sort(function(a, b) {
        const keyA = a[0];
        const keyB = b[0];

        if (keyA == keyB) return 0;

        if (reversed) {
            return keyA < keyB ? 1 : -1;
        } else {
            return keyA > keyB ? 1 : -1;
        }
    });

    return sortArray.map(function(item) {
        const index = item[1];
        return items[index];
    });
}

function keyAlpha(colIndex) {
    return function(elem) {
        return elem.childNodes[1].childNodes[colIndex].firstChild.data.toLowerCase();
    };
}

function keyLink(colIndex) {
    return function(elem) {
        const dataCell = elem.childNodes[1].childNodes[colIndex].firstChild;
        return dataCell == null ? '' : dataCell.innerText.toLowerCase();
    };
}

function keyResult(colIndex) {
    return function(elem) {
        const strings = ['Error', 'Failed', 'Rerun', 'XFailed', 'XPassed',
            'Skipped', 'Passed'];
        return strings.indexOf(elem.childNodes[1].childNodes[colIndex].firstChild.data);
    };
}

function resetSortHeaders() {
    findAll('.sort-icon').forEach(function(elem) {
        elem.parentNode.removeChild(elem);
    });
    findAll('.sortable').forEach(function(elem) {
        const icon = document.createElement('div');
        icon.className = 'sort-icon';
        icon.textContent = 'vvv';
        elem.insertBefore(icon, elem.firstChild);
        elem.classList.remove('desc', 'active');
        elem.classList.add('asc', 'inactive');
    });
}

function toggleSortStates(elem) {
    //if active, toggle between asc and desc
    if (elem.classList.contains('active')) {
        elem.classList.toggle('asc');
        elem.classList.toggle('desc');
    }

    //if inactive, reset all other functions and add ascending active
    if (elem.classList.contains('inactive')) {
        resetSortHeaders();
        elem.classList.remove('inactive');
        elem.classList.add('active');
    }
}

function isAllRowsHidden(value) {
    return value.hidden == false;
}

function filterTable(elem) { // eslint-disable-line no-unused-vars
    const outcomeAtt = 'data-test-result';
    const outcome = elem.getAttribute(outcomeAtt);
    const classOutcome = outcome + ' results-table-row';
    const outcomeRows = document.getElementsByClassName(classOutcome);

    for(let i = 0; i < outcomeRows.length; i++){
        outcomeRows[i].hidden = !elem.checked;
    }

    const rows = findAll('.results-table-row').filter(isAllRowsHidden);
    const allRowsHidden = rows.length == 0 ? true : false;
    const notFoundMessage = document.getElementById('not-found-message');
    notFoundMessage.hidden = !allRowsHidden;
}
</script>
    <h1>report.html</h1>
    <p>Report generated on 21-Jun-2022 at 15:14:47 by <a href="https://pypi.python.org/pypi/pytest-html">pytest-html</a> v3.1.1</p>
    <h2>Environment</h2>
    <table id="environment">
      <tr>
        <td>Packages</td>
        <td>{"pluggy": "1.0.0", "py": "1.11.0", "pytest": "7.1.2"}</td></tr>
      <tr>
        <td>Platform</td>
        <td>Windows-10-10.0.22000-SP0</td></tr>
      <tr>
        <td>Plugins</td>
        <td>{"allure-pytest": "2.9.45", "html": "3.1.1", "metadata": "1.10.0"}</td></tr>
      <tr>
        <td>Python</td>
        <td>3.10.1</td></tr></table>
    <h2>Summary</h2>
    <p>1 tests ran in 16.19 seconds. </p>
    <p class="filter" hidden="true">(Un)check the boxes to filter the results.</p><input checked="true" class="filter" data-test-result="passed" disabled="true" hidden="true" name="filter_checkbox" onChange="filterTable(this)" type="checkbox"/><span class="passed">0 passed</span>, <input checked="true" class="filter" data-test-result="skipped" disabled="true" hidden="true" name="filter_checkbox" onChange="filterTable(this)" type="checkbox"/><span class="skipped">0 skipped</span>, <input checked="true" class="filter" data-test-result="failed" hidden="true" name="filter_checkbox" onChange="filterTable(this)" type="checkbox"/><span class="failed">1 failed</span>, <input checked="true" class="filter" data-test-result="error" disabled="true" hidden="true" name="filter_checkbox" onChange="filterTable(this)" type="checkbox"/><span class="error">0 errors</span>, <input checked="true" class="filter" data-test-result="xfailed" disabled="true" hidden="true" name="filter_checkbox" onChange="filterTable(this)" type="checkbox"/><span class="xfailed">0 expected failures</span>, <input checked="true" class="filter" data-test-result="xpassed" disabled="true" hidden="true" name="filter_checkbox" onChange="filterTable(this)" type="checkbox"/><span class="xpassed">0 unexpected passes</span>
    <h2>Results</h2>
    <table id="results-table">
      <thead id="results-table-head">
        <tr>
          <th class="sortable result initial-sort" col="result">Result</th>
          <th class="sortable" col="name">Test</th>
          <th class="sortable" col="duration">Duration</th>
          <th class="sortable links" col="links">Links</th></tr>
        <tr hidden="true" id="not-found-message">
          <th colspan="4">No results found. Try to check the filters</th></tr></thead>
      <tbody class="failed results-table-row">
        <tr>
          <td class="col-result">Failed</td>
          <td class="col-name">tests/LoginPage/Test_login_tests.py::LoginTests::test_t1validLogin</td>
          <td class="col-duration">16.13</td>
          <td class="col-links"></td></tr>
        <tr>
          <td class="extra" colspan="4">
            <div class="log">self = &lt;tests.LoginPage.Test_login_tests.LoginTests testMethod=test_t1validLogin&gt;<br/><br/>    @pytest.mark.login_Page<br/>    @allure.title(&quot;Login: validate invalidate error&quot;)<br/>    def test_t1validLogin(self):<br/>        self.log.info(&quot;test_t1validLogin started&quot;)<br/>        login_page_title_result = self.lp.verifyLoginPageTitle()<br/>        self.ts.mark(login_page_title_result,&quot;Login Page Verification&quot;)<br/>        self.lp.login(&quot;quality@jukinmedia.com&quot;,&quot;Test1ng&quot;)<br/>        login_success_result = self.lp.successLoginPageTitle()<br/>&gt;       self.ts.markFinal(&quot;test_t1validLogin&quot;,login_success_result,&quot;Login success verification&quot;)<br/><br/>tests\LoginPage\Test_login_tests.py:28: <br/>_ _ _ _ _ _ _ _ _ _ _ _ _ _ _ _ _ _ _ _ _ _ _ _ _ _ _ _ _ _ _ _ _ _ _ _ _ _ _ _ <br/><br/>self = &lt;utilities.test_status.Status object at 0x000001C87F2414B0&gt;, testName = &#x27;test_t1validLogin&#x27;, result = False, resultMessage = &#x27;Login success verification&#x27;<br/><br/>    def markFinal(self, testName, result, resultMessage):<br/>        &quot;&quot;&quot;<br/>        Mark the final result of the verification point in a test case<br/>        This needs to be called at least once in a test case<br/>        This should be final test status of the test case<br/>        &quot;&quot;&quot;<br/>        self.setResult(result, resultMessage)<br/>    <br/>        if &quot;FAIL&quot; in self.resultList:<br/>            self.log.error(testName +  &quot; ### TEST FAILED&quot;)<br/>            self.resultList.clear()<br/>&gt;           assert True == False<br/><span class="error">E           assert True == False</span><br/><br/>utilities\test_status.py:64: AssertionError<br/> -----------------------------Captured stdout setup------------------------------ <br/>Running one time setUp

<br/> -----------------------------Captured stderr setup------------------------------ <br/>[WDM] - ====== WebDriver manager ======
[WDM] - Current google-chrome version is 102.0.5005
[WDM] - Get LATEST chromedriver version for 102.0.5005 google-chrome
[WDM] - Driver [C:\Users\amitm\.wdm\drivers\chromedriver\win32\102.0.5005.61\chromedriver.exe] found in cache
<br/> -------------------------------Captured log setup------------------------------- <br/>INFO     WDM:logger.py:16 ====== WebDriver manager ======
INFO     WDM:logger.py:16 Current google-chrome version is 102.0.5005
INFO     WDM:logger.py:16 Get LATEST chromedriver version for 102.0.5005 google-chrome
INFO     WDM:logger.py:16 Driver [C:\Users\amitm\.wdm\drivers\chromedriver\win32\102.0.5005.61\chromedriver.exe] found in cache<br/> ------------------------------Captured stderr call------------------------------ <br/>  File &quot;C:\Users\amitm\AppData\Local\Programs\Python\Python310\lib\runpy.py&quot;, line 196, in _run_module_as_main
    return _run_code(code, main_globals, None,
  File &quot;C:\Users\amitm\AppData\Local\Programs\Python\Python310\lib\runpy.py&quot;, line 86, in _run_code
    exec(code, run_globals)
  File &quot;C:\Users\amitm\AppData\Local\Programs\Python\Python310\Scripts\pytest.exe\__main__.py&quot;, line 7, in &lt;module&gt;
    sys.exit(console_main())
  File &quot;C:\Users\amitm\AppData\Local\Programs\Python\Python310\lib\site-packages\_pytest\config\__init__.py&quot;, line 187, in console_main
    code = main()
  File &quot;C:\Users\amitm\AppData\Local\Programs\Python\Python310\lib\site-packages\_pytest\config\__init__.py&quot;, line 164, in main
    ret: Union[ExitCode, int] = config.hook.pytest_cmdline_main(
  File &quot;C:\Users\amitm\AppData\Local\Programs\Python\Python310\lib\site-packages\pluggy\_hooks.py&quot;, line 265, in __call__
    return self._hookexec(self.name, self.get_hookimpls(), kwargs, firstresult)
  File &quot;C:\Users\amitm\AppData\Local\Programs\Python\Python310\lib\site-packages\pluggy\_manager.py&quot;, line 80, in _hookexec
    return self._inner_hookexec(hook_name, methods, kwargs, firstresult)
  File &quot;C:\Users\amitm\AppData\Local\Programs\Python\Python310\lib\site-packages\pluggy\_callers.py&quot;, line 39, in _multicall
    res = hook_impl.function(*args)
  File &quot;C:\Users\amitm\AppData\Local\Programs\Python\Python310\lib\site-packages\_pytest\main.py&quot;, line 315, in pytest_cmdline_main
    return wrap_session(config, _main)
  File &quot;C:\Users\amitm\AppData\Local\Programs\Python\Python310\lib\site-packages\_pytest\main.py&quot;, line 268, in wrap_session
    session.exitstatus = doit(config, session) or 0
  File &quot;C:\Users\amitm\AppData\Local\Programs\Python\Python310\lib\site-packages\_pytest\main.py&quot;, line 322, in _main
    config.hook.pytest_runtestloop(session=session)
  File &quot;C:\Users\amitm\AppData\Local\Programs\Python\Python310\lib\site-packages\pluggy\_hooks.py&quot;, line 265, in __call__
    return self._hookexec(self.name, self.get_hookimpls(), kwargs, firstresult)
  File &quot;C:\Users\amitm\AppData\Local\Programs\Python\Python310\lib\site-packages\pluggy\_manager.py&quot;, line 80, in _hookexec
    return self._inner_hookexec(hook_name, methods, kwargs, firstresult)
  File &quot;C:\Users\amitm\AppData\Local\Programs\Python\Python310\lib\site-packages\pluggy\_callers.py&quot;, line 39, in _multicall
    res = hook_impl.function(*args)
  File &quot;C:\Users\amitm\AppData\Local\Programs\Python\Python310\lib\site-packages\_pytest\main.py&quot;, line 347, in pytest_runtestloop
    item.config.hook.pytest_runtest_protocol(item=item, nextitem=nextitem)
  File &quot;C:\Users\amitm\AppData\Local\Programs\Python\Python310\lib\site-packages\pluggy\_hooks.py&quot;, line 265, in __call__
    return self._hookexec(self.name, self.get_hookimpls(), kwargs, firstresult)
  File &quot;C:\Users\amitm\AppData\Local\Programs\Python\Python310\lib\site-packages\pluggy\_manager.py&quot;, line 80, in _hookexec
    return self._inner_hookexec(hook_name, methods, kwargs, firstresult)
  File &quot;C:\Users\amitm\AppData\Local\Programs\Python\Python310\lib\site-packages\pluggy\_callers.py&quot;, line 39, in _multicall
    res = hook_impl.function(*args)
  File &quot;C:\Users\amitm\AppData\Local\Programs\Python\Python310\lib\site-packages\_pytest\runner.py&quot;, line 111, in pytest_runtest_protocol
    runtestprotocol(item, nextitem=nextitem)
  File &quot;C:\Users\amitm\AppData\Local\Programs\Python\Python310\lib\site-packages\_pytest\runner.py&quot;, line 130, in runtestprotocol
    reports.append(call_and_report(item, &quot;call&quot;, log))
  File &quot;C:\Users\amitm\AppData\Local\Programs\Python\Python310\lib\site-packages\_pytest\runner.py&quot;, line 219, in call_and_report
    call = call_runtest_hook(item, when, **kwds)
  File &quot;C:\Users\amitm\AppData\Local\Programs\Python\Python310\lib\site-packages\_pytest\runner.py&quot;, line 258, in call_runtest_hook
    return CallInfo.from_call(
  File &quot;C:\Users\amitm\AppData\Local\Programs\Python\Python310\lib\site-packages\_pytest\runner.py&quot;, line 338, in from_call
    result: Optional[TResult] = func()
  File &quot;C:\Users\amitm\AppData\Local\Programs\Python\Python310\lib\site-packages\_pytest\runner.py&quot;, line 259, in &lt;lambda&gt;
    lambda: ihook(item=item, **kwds), when=when, reraise=reraise
  File &quot;C:\Users\amitm\AppData\Local\Programs\Python\Python310\lib\site-packages\pluggy\_hooks.py&quot;, line 265, in __call__
    return self._hookexec(self.name, self.get_hookimpls(), kwargs, firstresult)
  File &quot;C:\Users\amitm\AppData\Local\Programs\Python\Python310\lib\site-packages\pluggy\_manager.py&quot;, line 80, in _hookexec
    return self._inner_hookexec(hook_name, methods, kwargs, firstresult)
  File &quot;C:\Users\amitm\AppData\Local\Programs\Python\Python310\lib\site-packages\pluggy\_callers.py&quot;, line 39, in _multicall
    res = hook_impl.function(*args)
  File &quot;C:\Users\amitm\AppData\Local\Programs\Python\Python310\lib\site-packages\_pytest\runner.py&quot;, line 166, in pytest_runtest_call
    item.runtest()
  File &quot;C:\Users\amitm\AppData\Local\Programs\Python\Python310\lib\site-packages\_pytest\unittest.py&quot;, line 327, in runtest
    self._testcase(result=self)  # type: ignore[arg-type]
  File &quot;C:\Users\amitm\AppData\Local\Programs\Python\Python310\lib\unittest\case.py&quot;, line 650, in __call__
    return self.run(*args, **kwds)
  File &quot;C:\Users\amitm\AppData\Local\Programs\Python\Python310\lib\unittest\case.py&quot;, line 591, in run
    self._callTestMethod(testMethod)
  File &quot;C:\Users\amitm\AppData\Local\Programs\Python\Python310\lib\unittest\case.py&quot;, line 549, in _callTestMethod
    method()
  File &quot;C:\Users\amitm\OneDrive\Desktop\New folder (5)\jukinmedia_pytest-master\web_automation\tests\LoginPage\Test_login_tests.py&quot;, line 26, in test_t1validLogin
    self.lp.login(&quot;quality@jukinmedia.com&quot;,&quot;Test1ng&quot;)
  File &quot;C:\Users\amitm\OneDrive\Desktop\New folder (5)\jukinmedia_pytest-master\web_automation\pages\loginpage\login_page.py&quot;, line 30, in login
    self.enterUsername(username)
  File &quot;C:\Users\amitm\OneDrive\Desktop\New folder (5)\jukinmedia_pytest-master\web_automation\pages\loginpage\login_page.py&quot;, line 21, in enterUsername
    self.sendKeys(username, self._username_field, locatorType=&quot;css&quot;)
  File &quot;C:\Users\amitm\OneDrive\Desktop\New folder (5)\jukinmedia_pytest-master\web_automation\base\selenium_driver.py&quot;, line 121, in sendKeys
    print_stack()
  File &quot;C:\Users\amitm\AppData\Local\Programs\Python\Python310\lib\runpy.py&quot;, line 196, in _run_module_as_main
    return _run_code(code, main_globals, None,
  File &quot;C:\Users\amitm\AppData\Local\Programs\Python\Python310\lib\runpy.py&quot;, line 86, in _run_code
    exec(code, run_globals)
  File &quot;C:\Users\amitm\AppData\Local\Programs\Python\Python310\Scripts\pytest.exe\__main__.py&quot;, line 7, in &lt;module&gt;
    sys.exit(console_main())
  File &quot;C:\Users\amitm\AppData\Local\Programs\Python\Python310\lib\site-packages\_pytest\config\__init__.py&quot;, line 187, in console_main
    code = main()
  File &quot;C:\Users\amitm\AppData\Local\Programs\Python\Python310\lib\site-packages\_pytest\config\__init__.py&quot;, line 164, in main
    ret: Union[ExitCode, int] = config.hook.pytest_cmdline_main(
  File &quot;C:\Users\amitm\AppData\Local\Programs\Python\Python310\lib\site-packages\pluggy\_hooks.py&quot;, line 265, in __call__
    return self._hookexec(self.name, self.get_hookimpls(), kwargs, firstresult)
  File &quot;C:\Users\amitm\AppData\Local\Programs\Python\Python310\lib\site-packages\pluggy\_manager.py&quot;, line 80, in _hookexec
    return self._inner_hookexec(hook_name, methods, kwargs, firstresult)
  File &quot;C:\Users\amitm\AppData\Local\Programs\Python\Python310\lib\site-packages\pluggy\_callers.py&quot;, line 39, in _multicall
    res = hook_impl.function(*args)
  File &quot;C:\Users\amitm\AppData\Local\Programs\Python\Python310\lib\site-packages\_pytest\main.py&quot;, line 315, in pytest_cmdline_main
    return wrap_session(config, _main)
  File &quot;C:\Users\amitm\AppData\Local\Programs\Python\Python310\lib\site-packages\_pytest\main.py&quot;, line 268, in wrap_session
    session.exitstatus = doit(config, session) or 0
  File &quot;C:\Users\amitm\AppData\Local\Programs\Python\Python310\lib\site-packages\_pytest\main.py&quot;, line 322, in _main
    config.hook.pytest_runtestloop(session=session)
  File &quot;C:\Users\amitm\AppData\Local\Programs\Python\Python310\lib\site-packages\pluggy\_hooks.py&quot;, line 265, in __call__
    return self._hookexec(self.name, self.get_hookimpls(), kwargs, firstresult)
  File &quot;C:\Users\amitm\AppData\Local\Programs\Python\Python310\lib\site-packages\pluggy\_manager.py&quot;, line 80, in _hookexec
    return self._inner_hookexec(hook_name, methods, kwargs, firstresult)
  File &quot;C:\Users\amitm\AppData\Local\Programs\Python\Python310\lib\site-packages\pluggy\_callers.py&quot;, line 39, in _multicall
    res = hook_impl.function(*args)
  File &quot;C:\Users\amitm\AppData\Local\Programs\Python\Python310\lib\site-packages\_pytest\main.py&quot;, line 347, in pytest_runtestloop
    item.config.hook.pytest_runtest_protocol(item=item, nextitem=nextitem)
  File &quot;C:\Users\amitm\AppData\Local\Programs\Python\Python310\lib\site-packages\pluggy\_hooks.py&quot;, line 265, in __call__
    return self._hookexec(self.name, self.get_hookimpls(), kwargs, firstresult)
  File &quot;C:\Users\amitm\AppData\Local\Programs\Python\Python310\lib\site-packages\pluggy\_manager.py&quot;, line 80, in _hookexec
    return self._inner_hookexec(hook_name, methods, kwargs, firstresult)
  File &quot;C:\Users\amitm\AppData\Local\Programs\Python\Python310\lib\site-packages\pluggy\_callers.py&quot;, line 39, in _multicall
    res = hook_impl.function(*args)
  File &quot;C:\Users\amitm\AppData\Local\Programs\Python\Python310\lib\site-packages\_pytest\runner.py&quot;, line 111, in pytest_runtest_protocol
    runtestprotocol(item, nextitem=nextitem)
  File &quot;C:\Users\amitm\AppData\Local\Programs\Python\Python310\lib\site-packages\_pytest\runner.py&quot;, line 130, in runtestprotocol
    reports.append(call_and_report(item, &quot;call&quot;, log))
  File &quot;C:\Users\amitm\AppData\Local\Programs\Python\Python310\lib\site-packages\_pytest\runner.py&quot;, line 219, in call_and_report
    call = call_runtest_hook(item, when, **kwds)
  File &quot;C:\Users\amitm\AppData\Local\Programs\Python\Python310\lib\site-packages\_pytest\runner.py&quot;, line 258, in call_runtest_hook
    return CallInfo.from_call(
  File &quot;C:\Users\amitm\AppData\Local\Programs\Python\Python310\lib\site-packages\_pytest\runner.py&quot;, line 338, in from_call
    result: Optional[TResult] = func()
  File &quot;C:\Users\amitm\AppData\Local\Programs\Python\Python310\lib\site-packages\_pytest\runner.py&quot;, line 259, in &lt;lambda&gt;
    lambda: ihook(item=item, **kwds), when=when, reraise=reraise
  File &quot;C:\Users\amitm\AppData\Local\Programs\Python\Python310\lib\site-packages\pluggy\_hooks.py&quot;, line 265, in __call__
    return self._hookexec(self.name, self.get_hookimpls(), kwargs, firstresult)
  File &quot;C:\Users\amitm\AppData\Local\Programs\Python\Python310\lib\site-packages\pluggy\_manager.py&quot;, line 80, in _hookexec
    return self._inner_hookexec(hook_name, methods, kwargs, firstresult)
  File &quot;C:\Users\amitm\AppData\Local\Programs\Python\Python310\lib\site-packages\pluggy\_callers.py&quot;, line 39, in _multicall
    res = hook_impl.function(*args)
  File &quot;C:\Users\amitm\AppData\Local\Programs\Python\Python310\lib\site-packages\_pytest\runner.py&quot;, line 166, in pytest_runtest_call
    item.runtest()
  File &quot;C:\Users\amitm\AppData\Local\Programs\Python\Python310\lib\site-packages\_pytest\unittest.py&quot;, line 327, in runtest
    self._testcase(result=self)  # type: ignore[arg-type]
  File &quot;C:\Users\amitm\AppData\Local\Programs\Python\Python310\lib\unittest\case.py&quot;, line 650, in __call__
    return self.run(*args, **kwds)
  File &quot;C:\Users\amitm\AppData\Local\Programs\Python\Python310\lib\unittest\case.py&quot;, line 591, in run
    self._callTestMethod(testMethod)
  File &quot;C:\Users\amitm\AppData\Local\Programs\Python\Python310\lib\unittest\case.py&quot;, line 549, in _callTestMethod
    method()
  File &quot;C:\Users\amitm\OneDrive\Desktop\New folder (5)\jukinmedia_pytest-master\web_automation\tests\LoginPage\Test_login_tests.py&quot;, line 26, in test_t1validLogin
    self.lp.login(&quot;quality@jukinmedia.com&quot;,&quot;Test1ng&quot;)
  File &quot;C:\Users\amitm\OneDrive\Desktop\New folder (5)\jukinmedia_pytest-master\web_automation\pages\loginpage\login_page.py&quot;, line 31, in login
    self.enterPassword(password)
  File &quot;C:\Users\amitm\OneDrive\Desktop\New folder (5)\jukinmedia_pytest-master\web_automation\pages\loginpage\login_page.py&quot;, line 24, in enterPassword
    self.sendKeys(password, self._password_field, locatorType=&quot;xpath&quot;)
  File &quot;C:\Users\amitm\OneDrive\Desktop\New folder (5)\jukinmedia_pytest-master\web_automation\base\selenium_driver.py&quot;, line 121, in sendKeys
    print_stack()
  File &quot;C:\Users\amitm\AppData\Local\Programs\Python\Python310\lib\runpy.py&quot;, line 196, in _run_module_as_main
    return _run_code(code, main_globals, None,
  File &quot;C:\Users\amitm\AppData\Local\Programs\Python\Python310\lib\runpy.py&quot;, line 86, in _run_code
    exec(code, run_globals)
  File &quot;C:\Users\amitm\AppData\Local\Programs\Python\Python310\Scripts\pytest.exe\__main__.py&quot;, line 7, in &lt;module&gt;
    sys.exit(console_main())
  File &quot;C:\Users\amitm\AppData\Local\Programs\Python\Python310\lib\site-packages\_pytest\config\__init__.py&quot;, line 187, in console_main
    code = main()
  File &quot;C:\Users\amitm\AppData\Local\Programs\Python\Python310\lib\site-packages\_pytest\config\__init__.py&quot;, line 164, in main
    ret: Union[ExitCode, int] = config.hook.pytest_cmdline_main(
  File &quot;C:\Users\amitm\AppData\Local\Programs\Python\Python310\lib\site-packages\pluggy\_hooks.py&quot;, line 265, in __call__
    return self._hookexec(self.name, self.get_hookimpls(), kwargs, firstresult)
  File &quot;C:\Users\amitm\AppData\Local\Programs\Python\Python310\lib\site-packages\pluggy\_manager.py&quot;, line 80, in _hookexec
    return self._inner_hookexec(hook_name, methods, kwargs, firstresult)
  File &quot;C:\Users\amitm\AppData\Local\Programs\Python\Python310\lib\site-packages\pluggy\_callers.py&quot;, line 39, in _multicall
    res = hook_impl.function(*args)
  File &quot;C:\Users\amitm\AppData\Local\Programs\Python\Python310\lib\site-packages\_pytest\main.py&quot;, line 315, in pytest_cmdline_main
    return wrap_session(config, _main)
  File &quot;C:\Users\amitm\AppData\Local\Programs\Python\Python310\lib\site-packages\_pytest\main.py&quot;, line 268, in wrap_session
    session.exitstatus = doit(config, session) or 0
  File &quot;C:\Users\amitm\AppData\Local\Programs\Python\Python310\lib\site-packages\_pytest\main.py&quot;, line 322, in _main
    config.hook.pytest_runtestloop(session=session)
  File &quot;C:\Users\amitm\AppData\Local\Programs\Python\Python310\lib\site-packages\pluggy\_hooks.py&quot;, line 265, in __call__
    return self._hookexec(self.name, self.get_hookimpls(), kwargs, firstresult)
  File &quot;C:\Users\amitm\AppData\Local\Programs\Python\Python310\lib\site-packages\pluggy\_manager.py&quot;, line 80, in _hookexec
    return self._inner_hookexec(hook_name, methods, kwargs, firstresult)
  File &quot;C:\Users\amitm\AppData\Local\Programs\Python\Python310\lib\site-packages\pluggy\_callers.py&quot;, line 39, in _multicall
    res = hook_impl.function(*args)
  File &quot;C:\Users\amitm\AppData\Local\Programs\Python\Python310\lib\site-packages\_pytest\main.py&quot;, line 347, in pytest_runtestloop
    item.config.hook.pytest_runtest_protocol(item=item, nextitem=nextitem)
  File &quot;C:\Users\amitm\AppData\Local\Programs\Python\Python310\lib\site-packages\pluggy\_hooks.py&quot;, line 265, in __call__
    return self._hookexec(self.name, self.get_hookimpls(), kwargs, firstresult)
  File &quot;C:\Users\amitm\AppData\Local\Programs\Python\Python310\lib\site-packages\pluggy\_manager.py&quot;, line 80, in _hookexec
    return self._inner_hookexec(hook_name, methods, kwargs, firstresult)
  File &quot;C:\Users\amitm\AppData\Local\Programs\Python\Python310\lib\site-packages\pluggy\_callers.py&quot;, line 39, in _multicall
    res = hook_impl.function(*args)
  File &quot;C:\Users\amitm\AppData\Local\Programs\Python\Python310\lib\site-packages\_pytest\runner.py&quot;, line 111, in pytest_runtest_protocol
    runtestprotocol(item, nextitem=nextitem)
  File &quot;C:\Users\amitm\AppData\Local\Programs\Python\Python310\lib\site-packages\_pytest\runner.py&quot;, line 130, in runtestprotocol
    reports.append(call_and_report(item, &quot;call&quot;, log))
  File &quot;C:\Users\amitm\AppData\Local\Programs\Python\Python310\lib\site-packages\_pytest\runner.py&quot;, line 219, in call_and_report
    call = call_runtest_hook(item, when, **kwds)
  File &quot;C:\Users\amitm\AppData\Local\Programs\Python\Python310\lib\site-packages\_pytest\runner.py&quot;, line 258, in call_runtest_hook
    return CallInfo.from_call(
  File &quot;C:\Users\amitm\AppData\Local\Programs\Python\Python310\lib\site-packages\_pytest\runner.py&quot;, line 338, in from_call
    result: Optional[TResult] = func()
  File &quot;C:\Users\amitm\AppData\Local\Programs\Python\Python310\lib\site-packages\_pytest\runner.py&quot;, line 259, in &lt;lambda&gt;
    lambda: ihook(item=item, **kwds), when=when, reraise=reraise
  File &quot;C:\Users\amitm\AppData\Local\Programs\Python\Python310\lib\site-packages\pluggy\_hooks.py&quot;, line 265, in __call__
    return self._hookexec(self.name, self.get_hookimpls(), kwargs, firstresult)
  File &quot;C:\Users\amitm\AppData\Local\Programs\Python\Python310\lib\site-packages\pluggy\_manager.py&quot;, line 80, in _hookexec
    return self._inner_hookexec(hook_name, methods, kwargs, firstresult)
  File &quot;C:\Users\amitm\AppData\Local\Programs\Python\Python310\lib\site-packages\pluggy\_callers.py&quot;, line 39, in _multicall
    res = hook_impl.function(*args)
  File &quot;C:\Users\amitm\AppData\Local\Programs\Python\Python310\lib\site-packages\_pytest\runner.py&quot;, line 166, in pytest_runtest_call
    item.runtest()
  File &quot;C:\Users\amitm\AppData\Local\Programs\Python\Python310\lib\site-packages\_pytest\unittest.py&quot;, line 327, in runtest
    self._testcase(result=self)  # type: ignore[arg-type]
  File &quot;C:\Users\amitm\AppData\Local\Programs\Python\Python310\lib\unittest\case.py&quot;, line 650, in __call__
    return self.run(*args, **kwds)
  File &quot;C:\Users\amitm\AppData\Local\Programs\Python\Python310\lib\unittest\case.py&quot;, line 591, in run
    self._callTestMethod(testMethod)
  File &quot;C:\Users\amitm\AppData\Local\Programs\Python\Python310\lib\unittest\case.py&quot;, line 549, in _callTestMethod
    method()
  File &quot;C:\Users\amitm\OneDrive\Desktop\New folder (5)\jukinmedia_pytest-master\web_automation\tests\LoginPage\Test_login_tests.py&quot;, line 26, in test_t1validLogin
    self.lp.login(&quot;quality@jukinmedia.com&quot;,&quot;Test1ng&quot;)
  File &quot;C:\Users\amitm\OneDrive\Desktop\New folder (5)\jukinmedia_pytest-master\web_automation\pages\loginpage\login_page.py&quot;, line 32, in login
    self.clickLoginButton()
  File &quot;C:\Users\amitm\OneDrive\Desktop\New folder (5)\jukinmedia_pytest-master\web_automation\pages\loginpage\login_page.py&quot;, line 27, in clickLoginButton
    self.elementClick(self._login_button, locatorType=&quot;xpath&quot;)
  File &quot;C:\Users\amitm\OneDrive\Desktop\New folder (5)\jukinmedia_pytest-master\web_automation\base\selenium_driver.py&quot;, line 105, in elementClick
    print_stack()
<br/> -------------------------------Captured log call-------------------------------- <br/>INFO     LoginTests:Test_login_tests.py:23 test_t1validLogin started
INFO     Util:util.py:82 Actual Text From Application Web UI --&gt; :: Current Temperature
INFO     Util:util.py:83 Expected Text From Application Web UI --&gt; :: Login Page
INFO     Util:util.py:88 ### VERIFICATION DOES NOT CONTAINS !!!
ERROR    Status:test_status.py:35 ### VERIFICATION FAILED :: Login Page Verification
INFO     Status:selenium_driver.py:34 Screenshot save to directory: C:\Users\amitm\OneDrive\Desktop\New folder (5)\jukinmedia_pytest-master\web_automation\base\../screenshots/Login Page Verification.1655804675837.png
INFO     LoginPage:selenium_driver.py:70 Element not found with locator: #username and  locatorType: css
INFO     LoginPage:selenium_driver.py:119 Cannot send data on the element with locator: #username locatorType: css
INFO     LoginPage:selenium_driver.py:70 Element not found with locator: //input[@id=&#x27;creds.password&#x27;] and  locatorType: xpath
INFO     LoginPage:selenium_driver.py:119 Cannot send data on the element with locator: //input[@id=&#x27;creds.password&#x27;] locatorType: xpath
INFO     LoginPage:selenium_driver.py:70 Element not found with locator: //input[@id=&#x27;loginButton&#x27;] and  locatorType: xpath
INFO     LoginPage:selenium_driver.py:103 Cannot click on the element with locator: //input[@id=&#x27;loginButton&#x27;] locatorType: xpath
INFO     Util:util.py:82 Actual Text From Application Web UI --&gt; :: Current Temperature
INFO     Util:util.py:83 Expected Text From Application Web UI --&gt; :: Login Success
INFO     Util:util.py:88 ### VERIFICATION DOES NOT CONTAINS !!!
ERROR    Status:test_status.py:35 ### VERIFICATION FAILED :: Login success verification
INFO     Status:selenium_driver.py:34 Screenshot save to directory: C:\Users\amitm\OneDrive\Desktop\New folder (5)\jukinmedia_pytest-master\web_automation\base\../screenshots/Login success verification.1655804685090.png
ERROR    Status:test_status.py:62 test_t1validLogin ### TEST FAILED<br/> ----------------------------Captured stdout teardown---------------------------- <br/>Running one time tearDown
<br/></div></td></tr></tbody></table></body></html>